# JRE version: OpenJDK Runtime Environment (11.0.11+9) (build 11.0.11+9-b60-7590822)
# Java VM: OpenJDK 64-Bit Server VM (11.0.11+9-b60-7590822, mixed mode, tiered, compressed oops, g1 gc, windows-amd64)
Heap:
 garbage-first heap   total 264192K, used 209909K [0x0000000080000000, 0x0000000100000000)
  region size 1024K, 70 young (71680K), 7 survivors (7168K)
 Metaspace       used 118895K, capacity 121775K, committed 122572K, reserved 1155072K
  class space    used 14938K, capacity 16032K, committed 16332K, reserved 1048576K
GC Heap History (20 events):
Event: 39.526 GC heap before
{Heap before GC invocations=61 (full 0):
 garbage-first heap   total 220160K, used 179989K [0x0000000080000000, 0x0000000100000000)
  region size 1024K, 44 young (45056K), 6 survivors (6144K)
 Metaspace       used 116739K, capacity 119779K, committed 120012K, reserved 1153024K
  class space    used 14858K, capacity 16056K, committed 16076K, reserved 1048576K
}
Event: 39.531 GC heap after
{Heap after GC invocations=62 (full 0):
 garbage-first heap   total 220160K, used 141891K [0x0000000080000000, 0x0000000100000000)
  region size 1024K, 1 young (1024K), 1 survivors (1024K)
 Metaspace       used 116739K, capacity 119779K, committed 120012K, reserved 1153024K
  class space    used 14858K, capacity 16056K, committed 16076K, reserved 1048576K
}
Event: 39.750 GC heap before
{Heap before GC invocations=62 (full 0):
 garbage-first heap   total 220160K, used 182851K [0x0000000080000000, 0x0000000100000000)
  region size 1024K, 41 young (41984K), 1 survivors (1024K)
 Metaspace       used 117213K, capacity 120248K, committed 120396K, reserved 1153024K
  class space    used 14900K, capacity 16098K, committed 16204K, reserved 1048576K
}
Event: 39.754 GC heap after
{Heap after GC invocations=63 (full 0):
 garbage-first heap   total 220160K, used 141786K [0x0000000080000000, 0x0000000100000000)
  region size 1024K, 1 young (1024K), 1 survivors (1024K)
 Metaspace       used 117213K, capacity 120248K, committed 120396K, reserved 1153024K
  class space    used 14900K, capacity 16098K, committed 16204K, reserved 1048576K
}
Event: 40.065 GC heap before
{Heap before GC invocations=63 (full 0):
 garbage-first heap   total 220160K, used 184794K [0x0000000080000000, 0x0000000100000000)
  region size 1024K, 43 young (44032K), 1 survivors (1024K)
 Metaspace       used 116797K, capacity 119483K, committed 120652K, reserved 1153024K
  class space    used 14689K, capacity 15717K, committed 16204K, reserved 1048576K
}
Event: 40.070 GC heap after
{Heap after GC invocations=64 (full 0):
 garbage-first heap   total 220160K, used 142655K [0x0000000080000000, 0x0000000100000000)
  region size 1024K, 2 young (2048K), 2 survivors (2048K)
 Metaspace       used 116797K, capacity 119483K, committed 120652K, reserved 1153024K
  class space    used 14689K, capacity 15717K, committed 16204K, reserved 1048576K
}
Event: 40.221 GC heap before
{Heap before GC invocations=65 (full 0):
 garbage-first heap   total 220160K, used 185663K [0x0000000080000000, 0x0000000100000000)
  region size 1024K, 44 young (45056K), 2 survivors (2048K)
 Metaspace       used 116812K, capacity 119484K, committed 120652K, reserved 1153024K
  class space    used 14690K, capacity 15717K, committed 16204K, reserved 1048576K
}
Event: 40.226 GC heap after
{Heap after GC invocations=66 (full 0):
 garbage-first heap   total 220160K, used 144126K [0x0000000080000000, 0x0000000100000000)
  region size 1024K, 4 young (4096K), 4 survivors (4096K)
 Metaspace       used 116812K, capacity 119484K, committed 120652K, reserved 1153024K
  class space    used 14690K, capacity 15717K, committed 16204K, reserved 1048576K
}
Event: 40.244 GC heap before
{Heap before GC invocations=66 (full 0):
 garbage-first heap   total 220160K, used 150270K [0x0000000080000000, 0x0000000100000000)
  region size 1024K, 10 young (10240K), 4 survivors (4096K)
 Metaspace       used 116830K, capacity 119501K, committed 120652K, reserved 1153024K
  class space    used 14694K, capacity 15723K, committed 16204K, reserved 1048576K
}
Event: 40.250 GC heap after
{Heap after GC invocations=67 (full 0):
 garbage-first heap   total 220160K, used 140197K [0x0000000080000000, 0x0000000100000000)
  region size 1024K, 1 young (1024K), 1 survivors (1024K)
 Metaspace       used 116830K, capacity 119501K, committed 120652K, reserved 1153024K
  class space    used 14694K, capacity 15723K, committed 16204K, reserved 1048576K
}
Event: 40.390 GC heap before
{Heap before GC invocations=67 (full 0):
 garbage-first heap   total 220160K, used 184229K [0x0000000080000000, 0x0000000100000000)
  region size 1024K, 45 young (46080K), 1 survivors (1024K)
 Metaspace       used 116951K, capacity 119600K, committed 120908K, reserved 1155072K
  class space    used 14717K, capacity 15735K, committed 16204K, reserved 1048576K
}
Event: 40.395 GC heap after
{Heap after GC invocations=68 (full 0):
 garbage-first heap   total 220160K, used 141844K [0x0000000080000000, 0x0000000100000000)
  region size 1024K, 3 young (3072K), 3 survivors (3072K)
 Metaspace       used 116951K, capacity 119600K, committed 120908K, reserved 1155072K
  class space    used 14717K, capacity 15735K, committed 16204K, reserved 1048576K
}
Event: 40.528 GC heap before
{Heap before GC invocations=68 (full 0):
 garbage-first heap   total 220160K, used 185876K [0x0000000080000000, 0x0000000100000000)
  region size 1024K, 47 young (48128K), 3 survivors (3072K)
 Metaspace       used 117432K, capacity 120148K, committed 121164K, reserved 1155072K
  class space    used 14779K, capacity 15813K, committed 16204K, reserved 1048576K
}
Event: 40.534 GC heap after
{Heap after GC invocations=69 (full 0):
 garbage-first heap   total 220160K, used 143375K [0x0000000080000000, 0x0000000100000000)
  region size 1024K, 4 young (4096K), 4 survivors (4096K)
 Metaspace       used 117432K, capacity 120148K, committed 121164K, reserved 1155072K
  class space    used 14779K, capacity 15813K, committed 16204K, reserved 1048576K
}
Event: 40.671 GC heap before
{Heap before GC invocations=69 (full 0):
 garbage-first heap   total 220160K, used 187407K [0x0000000080000000, 0x0000000100000000)
  region size 1024K, 47 young (48128K), 4 survivors (4096K)
 Metaspace       used 117838K, capacity 120569K, committed 121548K, reserved 1155072K
  class space    used 14837K, capacity 15911K, committed 16332K, reserved 1048576K
}
Event: 40.680 GC heap after
{Heap after GC invocations=70 (full 0):
 garbage-first heap   total 264192K, used 144626K [0x0000000080000000, 0x0000000100000000)
  region size 1024K, 4 young (4096K), 4 survivors (4096K)
 Metaspace       used 117838K, capacity 120569K, committed 121548K, reserved 1155072K
  class space    used 14837K, capacity 15911K, committed 16332K, reserved 1048576K
}
Event: 41.130 GC heap before
{Heap before GC invocations=71 (full 0):
 garbage-first heap   total 264192K, used 207090K [0x0000000080000000, 0x0000000100000000)
  region size 1024K, 66 young (67584K), 4 survivors (4096K)
 Metaspace       used 118856K, capacity 121752K, committed 122572K, reserved 1155072K
  class space    used 14930K, capacity 16024K, committed 16332K, reserved 1048576K
}
Event: 41.136 GC heap after
{Heap after GC invocations=72 (full 0):
 garbage-first heap   total 264192K, used 143991K [0x0000000080000000, 0x0000000100000000)
  region size 1024K, 3 young (3072K), 3 survivors (3072K)
 Metaspace       used 118856K, capacity 121752K, committed 122572K, reserved 1155072K
  class space    used 14930K, capacity 16024K, committed 16332K, reserved 1048576K
}
Event: 41.336 GC heap before
{Heap before GC invocations=72 (full 0):
 garbage-first heap   total 264192K, used 211575K [0x0000000080000000, 0x0000000100000000)
  region size 1024K, 69 young (70656K), 3 survivors (3072K)
 Metaspace       used 118895K, capacity 121775K, committed 122572K, reserved 1155072K
  class space    used 14938K, capacity 16032K, committed 16332K, reserved 1048576K
}
Event: 41.343 GC heap after
{Heap after GC invocations=73 (full 0):
 garbage-first heap   total 264192K, used 147445K [0x0000000080000000, 0x0000000100000000)
  region size 1024K, 7 young (7168K), 7 survivors (7168K)
 Metaspace       used 118895K, capacity 121775K, committed 122572K, reserved 1155072K
  class space    used 14938K, capacity 16032K, committed 16332K, reserved 1048576K
}

