# JRE version: OpenJDK Runtime Environment (11.0.11+9) (build 11.0.11+9-b60-7590822)
# Java VM: OpenJDK 64-Bit Server VM (11.0.11+9-b60-7590822, mixed mode, tiered, compressed oops, g1 gc, windows-amd64)
Heap:
 garbage-first heap   total 282624K, used 136505K [0x0000000080000000, 0x0000000100000000)
  region size 1024K, 3 young (3072K), 3 survivors (3072K)
 Metaspace       used 106711K, capacity 109413K, committed 109772K, reserved 1144832K
  class space    used 13835K, capacity 14888K, committed 15104K, reserved 1048576K
GC Heap History (20 events):
Event: 17.542 GC heap after
{Heap after GC invocations=27 (full 0):
 garbage-first heap   total 183296K, used 96600K [0x0000000080000000, 0x0000000100000000)
  region size 1024K, 10 young (10240K), 10 survivors (10240K)
 Metaspace       used 99043K, capacity 101781K, committed 101964K, reserved 1136640K
  class space    used 12816K, capacity 13886K, committed 13952K, reserved 1048576K
}
Event: 17.766 GC heap before
{Heap before GC invocations=27 (full 0):
 garbage-first heap   total 183296K, used 147800K [0x0000000080000000, 0x0000000100000000)
  region size 1024K, 60 young (61440K), 10 survivors (10240K)
 Metaspace       used 100562K, capacity 103309K, committed 103500K, reserved 1138688K
  class space    used 13041K, capacity 14117K, committed 14208K, reserved 1048576K
}
Event: 17.788 GC heap after
{Heap after GC invocations=28 (full 0):
 garbage-first heap   total 183296K, used 104275K [0x0000000080000000, 0x0000000100000000)
  region size 1024K, 8 young (8192K), 8 survivors (8192K)
 Metaspace       used 100562K, capacity 103309K, committed 103500K, reserved 1138688K
  class space    used 13041K, capacity 14117K, committed 14208K, reserved 1048576K
}
Event: 17.991 GC heap before
{Heap before GC invocations=28 (full 0):
 garbage-first heap   total 183296K, used 147283K [0x0000000080000000, 0x0000000100000000)
  region size 1024K, 51 young (52224K), 8 survivors (8192K)
 Metaspace       used 101299K, capacity 103938K, committed 104652K, reserved 1140736K
  class space    used 13083K, capacity 14134K, committed 14336K, reserved 1048576K
}
Event: 18.008 GC heap after
{Heap after GC invocations=29 (full 0):
 garbage-first heap   total 183296K, used 112824K [0x0000000080000000, 0x0000000100000000)
  region size 1024K, 7 young (7168K), 7 survivors (7168K)
 Metaspace       used 101299K, capacity 103938K, committed 104652K, reserved 1140736K
  class space    used 13083K, capacity 14134K, committed 14336K, reserved 1048576K
}
Event: 18.064 GC heap before
{Heap before GC invocations=30 (full 0):
 garbage-first heap   total 183296K, used 148664K [0x0000000080000000, 0x0000000100000000)
  region size 1024K, 42 young (43008K), 7 survivors (7168K)
 Metaspace       used 101570K, capacity 104229K, committed 104780K, reserved 1140736K
  class space    used 13162K, capacity 14230K, committed 14464K, reserved 1048576K
}
Event: 18.078 GC heap after
{Heap after GC invocations=31 (full 0):
 garbage-first heap   total 183296K, used 120235K [0x0000000080000000, 0x0000000100000000)
  region size 1024K, 6 young (6144K), 6 survivors (6144K)
 Metaspace       used 101570K, capacity 104229K, committed 104780K, reserved 1140736K
  class space    used 13162K, capacity 14230K, committed 14464K, reserved 1048576K
}
Event: 18.131 GC heap before
{Heap before GC invocations=31 (full 0):
 garbage-first heap   total 183296K, used 150955K [0x0000000080000000, 0x0000000100000000)
  region size 1024K, 36 young (36864K), 6 survivors (6144K)
 Metaspace       used 101997K, capacity 104631K, committed 105292K, reserved 1140736K
  class space    used 13219K, capacity 14276K, committed 14464K, reserved 1048576K
}
Event: 18.143 GC heap after
{Heap after GC invocations=32 (full 0):
 garbage-first heap   total 183296K, used 126338K [0x0000000080000000, 0x0000000100000000)
  region size 1024K, 5 young (5120K), 5 survivors (5120K)
 Metaspace       used 101997K, capacity 104631K, committed 105292K, reserved 1140736K
  class space    used 13219K, capacity 14276K, committed 14464K, reserved 1048576K
}
Event: 18.351 GC heap before
{Heap before GC invocations=32 (full 0):
 garbage-first heap   total 183296K, used 150914K [0x0000000080000000, 0x0000000100000000)
  region size 1024K, 31 young (31744K), 5 survivors (5120K)
 Metaspace       used 103035K, capacity 105557K, committed 106572K, reserved 1140736K
  class space    used 13335K, capacity 14322K, committed 14720K, reserved 1048576K
}
Event: 18.364 GC heap after
{Heap after GC invocations=33 (full 0):
 garbage-first heap   total 235520K, used 128812K [0x0000000080000000, 0x0000000100000000)
  region size 1024K, 4 young (4096K), 4 survivors (4096K)
 Metaspace       used 103035K, capacity 105557K, committed 106572K, reserved 1140736K
  class space    used 13335K, capacity 14322K, committed 14720K, reserved 1048576K
}
Event: 18.625 GC heap before
{Heap before GC invocations=34 (full 0):
 garbage-first heap   total 235520K, used 173868K [0x0000000080000000, 0x0000000100000000)
  region size 1024K, 48 young (49152K), 4 survivors (4096K)
 Metaspace       used 104152K, capacity 106727K, committed 107468K, reserved 1142784K
  class space    used 13520K, capacity 14537K, committed 14848K, reserved 1048576K
}
Event: 18.637 GC heap after
{Heap after GC invocations=35 (full 0):
 garbage-first heap   total 235520K, used 134165K [0x0000000080000000, 0x0000000100000000)
  region size 1024K, 6 young (6144K), 6 survivors (6144K)
 Metaspace       used 104152K, capacity 106727K, committed 107468K, reserved 1142784K
  class space    used 13520K, capacity 14537K, committed 14848K, reserved 1048576K
}
Event: 18.946 GC heap before
{Heap before GC invocations=35 (full 0):
 garbage-first heap   total 235520K, used 179221K [0x0000000080000000, 0x0000000100000000)
  region size 1024K, 50 young (51200K), 6 survivors (6144K)
 Metaspace       used 105184K, capacity 107795K, committed 108364K, reserved 1142784K
  class space    used 13669K, capacity 14699K, committed 14976K, reserved 1048576K
}
Event: 18.954 GC heap after
{Heap after GC invocations=36 (full 0):
 garbage-first heap   total 235520K, used 135243K [0x0000000080000000, 0x0000000100000000)
  region size 1024K, 2 young (2048K), 2 survivors (2048K)
 Metaspace       used 105184K, capacity 107795K, committed 108364K, reserved 1142784K
  class space    used 13669K, capacity 14699K, committed 14976K, reserved 1048576K
}
Event: 19.294 GC heap before
{Heap before GC invocations=37 (full 0):
 garbage-first heap   total 235520K, used 182347K [0x0000000080000000, 0x0000000100000000)
  region size 1024K, 48 young (49152K), 2 survivors (2048K)
 Metaspace       used 105848K, capacity 108567K, committed 109260K, reserved 1142784K
  class space    used 13771K, capacity 14826K, committed 15104K, reserved 1048576K
}
Event: 19.298 GC heap after
{Heap after GC invocations=38 (full 0):
 garbage-first heap   total 235520K, used 135205K [0x0000000080000000, 0x0000000100000000)
  region size 1024K, 2 young (2048K), 2 survivors (2048K)
 Metaspace       used 105848K, capacity 108567K, committed 109260K, reserved 1142784K
  class space    used 13771K, capacity 14826K, committed 15104K, reserved 1048576K
}
Event: 19.520 GC heap before
{Heap before GC invocations=38 (full 0):
 garbage-first heap   total 235520K, used 185381K [0x0000000080000000, 0x0000000100000000)
  region size 1024K, 51 young (52224K), 2 survivors (2048K)
 Metaspace       used 106397K, capacity 109096K, committed 109516K, reserved 1144832K
  class space    used 13836K, capacity 14891K, committed 15104K, reserved 1048576K
}
Event: 19.525 GC heap after
{Heap after GC invocations=39 (full 0):
 garbage-first heap   total 235520K, used 135869K [0x0000000080000000, 0x0000000100000000)
  region size 1024K, 2 young (2048K), 2 survivors (2048K)
 Metaspace       used 106397K, capacity 109096K, committed 109516K, reserved 1144832K
  class space    used 13836K, capacity 14891K, committed 15104K, reserved 1048576K
}
Event: 19.907 GC heap before
{Heap before GC invocations=40 (full 0):
 garbage-first heap   total 235520K, used 188093K [0x0000000080000000, 0x0000000100000000)
  region size 1024K, 53 young (54272K), 2 survivors (2048K)
 Metaspace       used 106711K, capacity 109413K, committed 109772K, reserved 1144832K
  class space    used 13835K, capacity 14888K, committed 15104K, reserved 1048576K
}

