# JRE version: OpenJDK Runtime Environment (11.0.11+9) (build 11.0.11+9-b60-7590822)
# Java VM: OpenJDK 64-Bit Server VM (11.0.11+9-b60-7590822, mixed mode, tiered, compressed oops, g1 gc, windows-amd64)
Heap:
 garbage-first heap   total 152576K, used 105435K [0x0000000080000000, 0x0000000100000000)
  region size 1024K, 55 young (56320K), 7 survivors (7168K)
 Metaspace       used 76825K, capacity 78509K, committed 78796K, reserved 1118208K
  class space    used 9996K, capacity 10625K, committed 10700K, reserved 1048576K
GC Heap History (20 events):
Event: 4.324 GC heap before
{Heap before GC invocations=5 (full 0):
 garbage-first heap   total 126976K, used 74930K [0x0000000080000000, 0x0000000100000000)
  region size 1024K, 58 young (59392K), 3 survivors (3072K)
 Metaspace       used 32775K, capacity 33504K, committed 33792K, reserved 1079296K
  class space    used 4281K, capacity 4568K, committed 4608K, reserved 1048576K
}
Event: 4.328 GC heap after
{Heap after GC invocations=6 (full 0):
 garbage-first heap   total 126976K, used 21224K [0x0000000080000000, 0x0000000100000000)
  region size 1024K, 6 young (6144K), 6 survivors (6144K)
 Metaspace       used 32775K, capacity 33504K, committed 33792K, reserved 1079296K
  class space    used 4281K, capacity 4568K, committed 4608K, reserved 1048576K
}
Event: 4.604 GC heap before
{Heap before GC invocations=6 (full 0):
 garbage-first heap   total 126976K, used 26344K [0x0000000080000000, 0x0000000100000000)
  region size 1024K, 12 young (12288K), 6 survivors (6144K)
 Metaspace       used 35002K, capacity 35790K, committed 35840K, reserved 1081344K
  class space    used 4553K, capacity 4863K, committed 4864K, reserved 1048576K
}
Event: 4.612 GC heap after
{Heap after GC invocations=7 (full 0):
 garbage-first heap   total 126976K, used 22569K [0x0000000080000000, 0x0000000100000000)
  region size 1024K, 4 young (4096K), 4 survivors (4096K)
 Metaspace       used 35002K, capacity 35790K, committed 35840K, reserved 1081344K
  class space    used 4553K, capacity 4863K, committed 4864K, reserved 1048576K
}
Event: 5.528 GC heap before
{Heap before GC invocations=8 (full 0):
 garbage-first heap   total 126976K, used 81961K [0x0000000080000000, 0x0000000100000000)
  region size 1024K, 60 young (61440K), 4 survivors (4096K)
 Metaspace       used 39118K, capacity 39983K, committed 40268K, reserved 1083392K
  class space    used 5024K, capacity 5360K, committed 5452K, reserved 1048576K
}
Event: 5.536 GC heap after
{Heap after GC invocations=9 (full 0):
 garbage-first heap   total 126976K, used 27158K [0x0000000080000000, 0x0000000100000000)
  region size 1024K, 8 young (8192K), 8 survivors (8192K)
 Metaspace       used 39118K, capacity 39983K, committed 40268K, reserved 1083392K
  class space    used 5024K, capacity 5360K, committed 5452K, reserved 1048576K
}
Event: 6.372 GC heap before
{Heap before GC invocations=9 (full 0):
 garbage-first heap   total 126976K, used 85526K [0x0000000080000000, 0x0000000100000000)
  region size 1024K, 64 young (65536K), 8 survivors (8192K)
 Metaspace       used 44421K, capacity 45429K, committed 45516K, reserved 1089536K
  class space    used 5707K, capacity 6057K, committed 6092K, reserved 1048576K
}
Event: 6.380 GC heap after
{Heap after GC invocations=10 (full 0):
 garbage-first heap   total 152576K, used 29124K [0x0000000080000000, 0x0000000100000000)
  region size 1024K, 7 young (7168K), 7 survivors (7168K)
 Metaspace       used 44421K, capacity 45429K, committed 45516K, reserved 1089536K
  class space    used 5707K, capacity 6057K, committed 6092K, reserved 1048576K
}
Event: 9.289 GC heap before
{Heap before GC invocations=10 (full 0):
 garbage-first heap   total 152576K, used 102852K [0x0000000080000000, 0x0000000100000000)
  region size 1024K, 76 young (77824K), 7 survivors (7168K)
 Metaspace       used 47903K, capacity 49204K, committed 49484K, reserved 1091584K
  class space    used 6117K, capacity 6607K, committed 6732K, reserved 1048576K
}
Event: 9.296 GC heap after
{Heap after GC invocations=11 (full 0):
 garbage-first heap   total 152576K, used 36147K [0x0000000080000000, 0x0000000100000000)
  region size 1024K, 7 young (7168K), 7 survivors (7168K)
 Metaspace       used 47903K, capacity 49204K, committed 49484K, reserved 1091584K
  class space    used 6117K, capacity 6607K, committed 6732K, reserved 1048576K
}
Event: 13.157 GC heap before
{Heap before GC invocations=11 (full 0):
 garbage-first heap   total 152576K, used 107827K [0x0000000080000000, 0x0000000100000000)
  region size 1024K, 76 young (77824K), 7 survivors (7168K)
 Metaspace       used 56490K, capacity 57891K, committed 58188K, reserved 1099776K
  class space    used 7146K, capacity 7679K, committed 7756K, reserved 1048576K
}
Event: 13.165 GC heap after
{Heap after GC invocations=12 (full 0):
 garbage-first heap   total 152576K, used 45004K [0x0000000080000000, 0x0000000100000000)
  region size 1024K, 10 young (10240K), 10 survivors (10240K)
 Metaspace       used 56490K, capacity 57891K, committed 58188K, reserved 1099776K
  class space    used 7146K, capacity 7679K, committed 7756K, reserved 1048576K
}
Event: 13.584 GC heap before
{Heap before GC invocations=12 (full 0):
 garbage-first heap   total 152576K, used 61388K [0x0000000080000000, 0x0000000100000000)
  region size 1024K, 27 young (27648K), 10 survivors (10240K)
 Metaspace       used 58768K, capacity 60191K, committed 60236K, reserved 1101824K
  class space    used 7439K, capacity 7972K, committed 8012K, reserved 1048576K
}
Event: 13.598 GC heap after
{Heap after GC invocations=13 (full 0):
 garbage-first heap   total 152576K, used 46829K [0x0000000080000000, 0x0000000100000000)
  region size 1024K, 2 young (2048K), 2 survivors (2048K)
 Metaspace       used 58768K, capacity 60191K, committed 60236K, reserved 1101824K
  class space    used 7439K, capacity 7972K, committed 8012K, reserved 1048576K
}
Event: 14.644 GC heap before
{Heap before GC invocations=14 (full 0):
 garbage-first heap   total 152576K, used 93933K [0x0000000080000000, 0x0000000100000000)
  region size 1024K, 49 young (50176K), 2 survivors (2048K)
 Metaspace       used 63931K, capacity 65394K, committed 65484K, reserved 1105920K
  class space    used 8063K, capacity 8634K, committed 8652K, reserved 1048576K
}
Event: 14.651 GC heap after
{Heap after GC invocations=15 (full 0):
 garbage-first heap   total 152576K, used 50498K [0x0000000080000000, 0x0000000100000000)
  region size 1024K, 6 young (6144K), 6 survivors (6144K)
 Metaspace       used 63931K, capacity 65394K, committed 65484K, reserved 1105920K
  class space    used 8063K, capacity 8634K, committed 8652K, reserved 1048576K
}
Event: 15.355 GC heap before
{Heap before GC invocations=16 (full 0):
 garbage-first heap   total 152576K, used 100674K [0x0000000080000000, 0x0000000100000000)
  region size 1024K, 54 young (55296K), 6 survivors (6144K)
 Metaspace       used 65649K, capacity 67169K, committed 67404K, reserved 1107968K
  class space    used 8304K, capacity 8878K, committed 9036K, reserved 1048576K
}
Event: 15.363 GC heap after
{Heap after GC invocations=17 (full 0):
 garbage-first heap   total 152576K, used 54207K [0x0000000080000000, 0x0000000100000000)
  region size 1024K, 4 young (4096K), 4 survivors (4096K)
 Metaspace       used 65649K, capacity 67169K, committed 67404K, reserved 1107968K
  class space    used 8304K, capacity 8878K, committed 9036K, reserved 1048576K
}
Event: 16.739 GC heap before
{Heap before GC invocations=17 (full 0):
 garbage-first heap   total 152576K, used 105407K [0x0000000080000000, 0x0000000100000000)
  region size 1024K, 54 young (55296K), 4 survivors (4096K)
 Metaspace       used 71416K, capacity 72987K, committed 73164K, reserved 1112064K
  class space    used 9206K, capacity 9809K, committed 9932K, reserved 1048576K
}
Event: 16.746 GC heap after
{Heap after GC invocations=18 (full 0):
 garbage-first heap   total 152576K, used 57307K [0x0000000080000000, 0x0000000100000000)
  region size 1024K, 7 young (7168K), 7 survivors (7168K)
 Metaspace       used 71416K, capacity 72987K, committed 73164K, reserved 1112064K
  class space    used 9206K, capacity 9809K, committed 9932K, reserved 1048576K
}

